<?xml version="1.0" encoding="UTF-8"?>
<testsuite name="modelChecker.ModelCheckerTest" tests="10" skipped="0" failures="0" errors="0" timestamp="2026-04-16T23:31:45" hostname="pc8-059-l" time="0.024">
  <properties/>
  <testcase name="forAllPNext" classname="modelChecker.ModelCheckerTest" time="0.016"/>
  <testcase name="testTrueQ" classname="modelChecker.ModelCheckerTest" time="0.001"/>
  <testcase name="testNegationQ" classname="modelChecker.ModelCheckerTest" time="0.0"/>
  <testcase name="advancedBasicsQ" classname="modelChecker.ModelCheckerTest" time="0.001"/>
  <testcase name="orQ" classname="modelChecker.ModelCheckerTest" time="0.001"/>
  <testcase name="andQ" classname="modelChecker.ModelCheckerTest" time="0.001"/>
  <testcase name="justP" classname="modelChecker.ModelCheckerTest" time="0.0"/>
  <testcase name="pAndQ" classname="modelChecker.ModelCheckerTest" time="0.001"/>
  <testcase name="doubleNegationQ" classname="modelChecker.ModelCheckerTest" time="0.001"/>
  <testcase name="testFalseQ" classname="modelChecker.ModelCheckerTest" time="0.001"/>
  <system-out><![CDATA[s0-[act1]-s1
s0-[act2]-s2
s1-[act2]-s2
s2-[act2]-s0
s0-[act1]-s2
s2-[act2]-s0
AX p 
!AX p 
Query: (AX p )
s0
s2
Query: !((AX p ))
s0
TRUE
Query:  True 
s0
s2
! ( FALSE )
Query: !( False )
s0
s2
(((TRUE && FALSE) || (TRUE && ! ! ! ! !FALSE)) && (TRUE || FALSE))
Query: ((( True  &&  False ) || ( True  && !(!(!(!(!( False ))))))) && ( True  ||  False ))
s0
s2
(FALSE || TRUE)
Query: ( False  ||  True )
s0
s2
(TRUE && TRUE)
Query: ( True  &&  True )
s0
s2
p
Query:  p 
s0
s2
(p && q)
Query: ( p  &&  q )
s0
s2
! ! TRUE 
Query: !(!( True ))
s0
s2
FALSE
Query:  False 
s0
]]></system-out>
  <system-err><![CDATA[]]></system-err>
</testsuite>
